<?xml version="1.0" encoding="UTF-8"?>
<beans xmlns="http://www.springframework.org/schema/beans"
	xmlns:xsi="http://www.w3.org/2001/XMLSchema-instance"
	xsi:schemaLocation="http://www.springframework.org/schema/beans 
						http://www.springframework.org/schema/beans/spring-beans-3.0.xsd">
	<!-- setDataSource를 나타내는 name ref는 매개변수로 받아오는 참조 변수 -->
	<bean id="userDao" class="springbook.user.dao.UserDaoJdbc">
		<property name="dataSource" ref="dataSource" />
	</bean>
	<bean id="dataSource"
		class="org.springframework.jdbc.datasource.SimpleDriverDataSource">
		<property name="driverClass" value="com.mysql.cj.jdbc.Driver" />
		<property name="url"
			value="jdbc:mysql://localhost/testdb?characterEncoding=UTF-8" />
		<property name="username" value="spring" />
		<property name="password" value="book" />
	</bean>
	<!-- <bean id="userService" class="springbook.user.service.TxProxyFactoryBean"> 
		<property name="target" ref="userServiceImpl" /> <property name="transactionManager" 
		ref="transactionManager" /> <property name="pattern" value="upgradeLevels" 
		/> <property name="serviceInterface" value="springbook.user.service.UserService" 
		/> </bean> -->
	<bean id="userService"
		class="springbook.user.service.UserServiceImpl">
		<property name="userDao" ref="userDao" />
		<property name="mailSender" ref="mailSender" />
	</bean>

	<bean id="transactionManager"
		class="org.springframework.jdbc.datasource.DataSourceTransactionManager">
		<property name="dataSource" ref="dataSource" />
	</bean>
	<bean id="mailSender"
		class="springbook.user.service.DummyMailSender">
	</bean>
	<bean id="transactionAdvice"
		class="springbook.user.service.TransactionAdvice">
		<property name="transactionManager" ref="transactionManager" />
	</bean>
	<bean id="transactionPointcut"
		class="springbook.user.service.NameMatchClassMethodPointcut">
		<property name="mappedClassName" value="*ServiceImpl" />
		<property name="mappedName" value="upgrade*" />
	</bean>
	
	<bean id="transactionAdvisor"
		class="org.springframework.aop.support.DefaultPointcutAdvisor">
		<property name="advice" ref="transactionAdvice" />
		<property name="pointcut" ref="transactionPointcut" />
	</bean>

	<!-- aop -->
	<bean
		class="org.springframework.aop.framework.autoproxy.DefaultAdvisorAutoProxyCreator" />
	<!-- 테스트용 UserService의 등록 스태틱 멤버 클래스는 $로 지정, parent를 통해 프로퍼티 정의를 포함한 userService빈의 
		설정을 상속 받음. -->
	<bean id="testUserService"
		class="springbook.user.service.UserServiceTest$TestUserServiceImpl"
		parent="userService" />
</beans>